<?xml version="1.0" encoding="UTF-8"?>
<!-- Generated by org.testng.reporters.JUnitReportReporter -->
<testsuite hostname="LAPTOP-5KMFOFH9" failures="0" tests="1" name="MobileElementInteraction.ScrollGesture" time="16.086" errors="0" timestamp="2024-08-11T11:52:01 IST" skipped="0">
  <testcase classname="MobileElementInteraction.ScrollGesture" name="testScroll" time="16.086"/>
  <system-out/>
</testsuite> <!-- MobileElementInteraction.ScrollGesture -->
