<?xml version="1.0" encoding="UTF-8"?>
<!-- Generated by org.testng.reporters.JUnitReportReporter -->
<testsuite hostname="LAPTOP-5KMFOFH9" failures="0" tests="1" name="mobileScemarios.AlertHandling" time="16.146" errors="0" timestamp="2024-08-11T12:39:01 IST" skipped="0">
  <testcase classname="mobileScemarios.AlertHandling" name="testAlert" time="16.146"/>
  <system-out/>
</testsuite> <!-- mobileScemarios.AlertHandling -->
