<?xml version="1.0" encoding="UTF-8"?>
<!-- Generated by org.testng.reporters.JUnitReportReporter -->
<testsuite hostname="LAPTOP-5KMFOFH9" failures="0" tests="1" name="MobileElementInteraction.SwipeGesture" time="14.665" errors="0" timestamp="2024-08-11T12:12:32 IST" skipped="0">
  <testcase classname="MobileElementInteraction.SwipeGesture" name="testSwipe" time="14.665"/>
  <system-out/>
</testsuite> <!-- MobileElementInteraction.SwipeGesture -->
