<?xml version="1.0" encoding="UTF-8"?>
<!-- Generated by org.testng.reporters.JUnitReportReporter -->
<testsuite hostname="LAPTOP-5KMFOFH9" failures="0" tests="1" name="mobileScemarios.ToggleSetup" time="22.264" errors="0" timestamp="2024-08-11T12:55:32 IST" skipped="0">
  <testcase classname="mobileScemarios.ToggleSetup" name="testToggleWifi_Data_AirplaineMode" time="22.264"/>
  <system-out/>
</testsuite> <!-- mobileScemarios.ToggleSetup -->
