<?xml version="1.0" encoding="UTF-8"?>
<!-- Generated by org.testng.reporters.JUnitReportReporter -->
<testsuite hostname="LAPTOP-5KMFOFH9" failures="0" tests="1" name="testRestAPI.PUT_DeleteRequest" time="2.572" errors="0" timestamp="2024-07-28T12:47:21 IST" skipped="0">
  <testcase classname="testRestAPI.PUT_DeleteRequest" name="deleteUser" time="2.572"/>
  <system-out/>
</testsuite> <!-- testRestAPI.PUT_DeleteRequest -->
