<?xml version="1.0" encoding="UTF-8"?>
<!-- Generated by org.testng.reporters.JUnitReportReporter -->
<testsuite hostname="LAPTOP-5KMFOFH9" failures="0" tests="1" name="MobileElementInteraction.DragGesture" time="14.991" errors="0" timestamp="2024-08-11T12:04:47 IST" skipped="0">
  <testcase classname="MobileElementInteraction.DragGesture" name="testDrag" time="14.991"/>
  <system-out/>
</testsuite> <!-- MobileElementInteraction.DragGesture -->
