<?xml version="1.0" encoding="UTF-8"?>
<!-- Generated by org.testng.reporters.JUnitReportReporter -->
<testsuite hostname="LAPTOP-5KMFOFH9" failures="0" tests="1" name="MobileElementInteraction.ClickGesture" time="10.261" errors="0" timestamp="2024-08-11T11:30:14 IST" skipped="0">
  <testcase classname="MobileElementInteraction.ClickGesture" name="testClick" time="10.261"/>
  <system-out/>
</testsuite> <!-- MobileElementInteraction.ClickGesture -->
