<?xml version="1.0" encoding="UTF-8"?>
<!-- Generated by org.testng.reporters.JUnitReportReporter -->
<testsuite hostname="LAPTOP-5KMFOFH9" failures="0" tests="1" name="driverSession.DriverSessionWithUiAutomator2Options" time="9.751" errors="0" timestamp="2024-08-10T12:17:52 IST" skipped="0">
  <testcase classname="driverSession.DriverSessionWithUiAutomator2Options" name="testConnection" time="9.751"/>
  <system-out/>
</testsuite> <!-- driverSession.DriverSessionWithUiAutomator2Options -->
