<?xml version="1.0" encoding="UTF-8"?>
<!-- Generated by org.testng.reporters.JUnitReportReporter -->
<testsuite hostname="LAPTOP-5KMFOFH9" failures="0" tests="1" name="MobileElementInteraction.LocatorStrategy" time="12.231" errors="0" timestamp="2024-08-10T13:02:07 IST" skipped="0">
  <testcase classname="MobileElementInteraction.LocatorStrategy" name="testElements" time="12.231"/>
  <system-out/>
</testsuite> <!-- MobileElementInteraction.LocatorStrategy -->
