<?xml version="1.0" encoding="UTF-8"?>
<!-- Generated by org.testng.reporters.JUnitReportReporter -->
<testsuite hostname="LAPTOP-5KMFOFH9" failures="0" tests="1" name="testRestAPI.POSTInRestAPI" time="3.274" errors="0" timestamp="2024-07-28T12:42:13 IST" skipped="0">
  <testcase classname="testRestAPI.POSTInRestAPI" name="postUsingPOJO" time="3.274"/>
  <system-out/>
</testsuite> <!-- testRestAPI.POSTInRestAPI -->
