<?xml version="1.0" encoding="UTF-8"?>
<!-- Generated by org.testng.reporters.JUnitReportReporter -->
<testsuite hostname="LAPTOP-5KMFOFH9" failures="0" tests="1" name="mobileScemarios.TestNotifications" time="12.698" errors="0" timestamp="2024-08-11T12:29:51 IST" skipped="0">
  <testcase classname="mobileScemarios.TestNotifications" name="testNotifications" time="12.698"/>
  <system-out/>
</testsuite> <!-- mobileScemarios.TestNotifications -->
