<?xml version="1.0" encoding="UTF-8"?>
<!-- Generated by org.testng.reporters.JUnitReportReporter -->
<testsuite hostname="LAPTOP-5KMFOFH9" failures="0" tests="1" name="driverSession.CreateFirstDriverSession" time="17.618" errors="0" timestamp="2024-08-10T12:10:35 IST" skipped="0">
  <testcase classname="driverSession.CreateFirstDriverSession" name="testConnection" time="17.618"/>
  <system-out/>
</testsuite> <!-- driverSession.CreateFirstDriverSession -->
