<?xml version="1.0" encoding="UTF-8"?>
<!-- Generated by org.testng.reporters.JUnitReportReporter -->
<testsuite hostname="LAPTOP-5KMFOFH9" failures="0" tests="1" name="mobileScemarios.Lock_Unlock_Rotate" time="19.286" errors="0" timestamp="2024-08-11T12:34:01 IST" skipped="0">
  <testcase classname="mobileScemarios.Lock_Unlock_Rotate" name="testLock_Unlock_Rotate" time="19.286"/>
  <system-out/>
</testsuite> <!-- mobileScemarios.Lock_Unlock_Rotate -->
