<?xml version="1.0" encoding="UTF-8"?>
<!-- Generated by org.testng.reporters.JUnitReportReporter -->
<testsuite hostname="LAPTOP-5KMFOFH9" failures="0" tests="1" name="MobileElementInteraction.LinkClickGetsure" time="16.514" errors="0" timestamp="2024-08-11T11:38:07 IST" skipped="0">
  <testcase classname="MobileElementInteraction.LinkClickGetsure" name="testLongClick" time="16.514"/>
  <system-out/>
</testsuite> <!-- MobileElementInteraction.LinkClickGetsure -->
