<?xml version="1.0" encoding="UTF-8"?>
<!-- Generated by org.testng.reporters.JUnitReportReporter -->
<testsuite hostname="LAPTOP-5KMFOFH9" failures="0" tests="1" name="mobileScemarios.WorkingWithApp" time="27.679" errors="0" timestamp="2024-08-11T13:07:37 IST" skipped="0">
  <testcase classname="mobileScemarios.WorkingWithApp" name="testApp" time="27.679"/>
  <system-out/>
</testsuite> <!-- mobileScemarios.WorkingWithApp -->
