<?xml version="1.0" encoding="UTF-8"?>
<!-- Generated by org.testng.reporters.JUnitReportReporter -->
<testsuite hostname="LAPTOP-5KMFOFH9" failures="0" tests="1" name="driverSession.DriverSessionWithAppPackage_ActivityName" time="8.849" errors="0" timestamp="2024-08-10T12:42:15 IST" skipped="0">
  <testcase classname="driverSession.DriverSessionWithAppPackage_ActivityName" name="testConnection" time="8.849"/>
  <system-out/>
</testsuite> <!-- driverSession.DriverSessionWithAppPackage_ActivityName -->
