<?xml version="1.0" encoding="UTF-8"?>
<!-- Generated by org.testng.reporters.JUnitReportReporter -->
<testsuite hostname="LAPTOP-5KMFOFH9" failures="0" tests="1" name="testRestAPI.GETWithoutBDD" time="3.631" errors="0" timestamp="2024-07-28T11:41:31 IST" skipped="0">
  <testcase classname="testRestAPI.GETWithoutBDD" name="listOfUsers" time="3.631"/>
  <system-out/>
</testsuite> <!-- testRestAPI.GETWithoutBDD -->
