<?xml version="1.0" encoding="UTF-8"?>
<!-- Generated by org.testng.reporters.JUnitReportReporter -->
<testsuite hostname="LAPTOP-5KMFOFH9" failures="0" tests="3" name="com.SwagLab.TestCases.LoginPageTest" time="2.073" errors="0" timestamp="2024-07-13T11:57:59 IST" skipped="0">
  <testcase classname="com.SwagLab.TestCases.LoginPageTest" name="verifyUrl" time="0.140"/>
  <system-out/>
  <testcase classname="com.SwagLab.TestCases.LoginPageTest" name="verifyTitle" time="0.044"/>
  <system-out/>
  <testcase classname="com.SwagLab.TestCases.LoginPageTest" name="validateLogin" time="1.889"/>
  <system-out/>
</testsuite> <!-- com.SwagLab.TestCases.LoginPageTest -->
