<?xml version="1.0" encoding="UTF-8"?>
<!-- Generated by org.testng.reporters.JUnitReportReporter -->
<testsuite hostname="LAPTOP-5KMFOFH9" failures="0" tests="2" name="com.SwagLab.TestCases.OverViewPageTest" time="0.517" errors="0" timestamp="2024-07-14T12:40:16 IST" skipped="0">
  <testcase classname="com.SwagLab.TestCases.OverViewPageTest" name="verifySummary" time="0.140"/>
  <system-out/>
  <testcase classname="com.SwagLab.TestCases.OverViewPageTest" name="validateFinish" time="0.377"/>
  <system-out/>
</testsuite> <!-- com.SwagLab.TestCases.OverViewPageTest -->
