<?xml version="1.0" encoding="UTF-8"?>
<!-- Generated by org.testng.reporters.JUnitReportReporter -->
<testsuite hostname="LAPTOP-5KMFOFH9" failures="0" tests="3" name="com.SwagLab.TestCases.LoginPageTest" time="1.921" errors="0" timestamp="2024-07-14T12:40:16 IST" skipped="0">
  <testcase classname="com.SwagLab.TestCases.LoginPageTest" name="verifyUrl" time="0.103"/>
  <system-out/>
  <testcase classname="com.SwagLab.TestCases.LoginPageTest" name="verifyTitle" time="0.057"/>
  <system-out/>
  <testcase classname="com.SwagLab.TestCases.LoginPageTest" name="validateLogin" time="1.761"/>
  <system-out/>
</testsuite> <!-- com.SwagLab.TestCases.LoginPageTest -->
