<?xml version="1.0" encoding="UTF-8"?>
<!-- Generated by org.testng.reporters.JUnitReportReporter -->
<testsuite hostname="LAPTOP-5KMFOFH9" failures="0" tests="2" name="com.SwagLab.TestCases.OverViewPageTest" time="0.346" errors="0" timestamp="2024-07-13T11:57:59 IST" skipped="0">
  <testcase classname="com.SwagLab.TestCases.OverViewPageTest" name="verifySummary" time="0.112"/>
  <system-out/>
  <testcase classname="com.SwagLab.TestCases.OverViewPageTest" name="validateFinish" time="0.234"/>
  <system-out/>
</testsuite> <!-- com.SwagLab.TestCases.OverViewPageTest -->
