<?xml version="1.0" encoding="UTF-8"?>
<!-- Generated by org.testng.reporters.JUnitReportReporter -->
<testsuite hostname="LAPTOP-5KMFOFH9" failures="0" tests="1" name="com.SwagLab.TestCases.CheckOutPageTest" time="0.823" errors="0" timestamp="2024-07-13T11:57:59 IST" skipped="0">
  <testcase classname="com.SwagLab.TestCases.CheckOutPageTest" name="validateCheckOut" time="0.823"/>
  <system-out/>
</testsuite> <!-- com.SwagLab.TestCases.CheckOutPageTest -->
