<?xml version="1.0" encoding="UTF-8"?>
<!-- Generated by org.testng.reporters.JUnitReportReporter -->
<testsuite hostname="LAPTOP-5KMFOFH9" failures="0" tests="4" name="com.SwagLab.TestCases.CartPageTest" time="6.342" errors="0" timestamp="2024-07-13T11:57:59 IST" skipped="0">
  <testcase classname="com.SwagLab.TestCases.CartPageTest" name="verifyDescription" time="1.041"/>
  <system-out/>
  <testcase classname="com.SwagLab.TestCases.CartPageTest" name="validateRemove" time="1.204"/>
  <system-out/>
  <testcase classname="com.SwagLab.TestCases.CartPageTest" name="validateContinueShopping" time="2.764"/>
  <system-out/>
  <testcase classname="com.SwagLab.TestCases.CartPageTest" name="verifyCheckOutPage" time="1.333"/>
  <system-out/>
</testsuite> <!-- com.SwagLab.TestCases.CartPageTest -->
